<?xml version="1.0" encoding="UTF-8"?>
<!-- Generated by org.testng.reporters.JUnitReportReporter -->
<testsuite skipped="0" hostname="DESKTOP-S5A0FMG" name="Xoxoday.AdvanceSearchTest" tests="4" failures="0" timestamp="21 Aug 2017 11:38:17 GMT" time="284.897" errors="0">
  <testcase name="CitySearchBar" time="89.490" classname="Xoxoday.AdvanceSearchTest"/>
  <testcase name="CityCategorySearchBar" time="70.280" classname="Xoxoday.AdvanceSearchTest"/>
  <testcase name="CityDateSearchBar" time="59.842" classname="Xoxoday.AdvanceSearchTest"/>
  <testcase name="CityCategoryDateSearchBar" time="65.285" classname="Xoxoday.AdvanceSearchTest"/>
</testsuite> <!-- Xoxoday.AdvanceSearchTest -->
