<?xml version="1.0" encoding="UTF-8"?>
<!-- Generated by org.testng.reporters.JUnitReportReporter -->
<testsuite name="Xoxoday.AppTest" tests="1" time="0.010" ignored="0" failures="0" timestamp="05 Jun 2017 07:56:54 GMT" skipped="0" hostname="DESKTOP-S5A0FMG" errors="0">
  <testcase name="test2" time="0.010" classname="Xoxoday.AppTest"/>
</testsuite> <!-- Xoxoday.AppTest -->
