<?xml version="1.0" encoding="UTF-8"?>
<!-- Generated by org.testng.reporters.JUnitReportReporter -->
<testsuite skipped="0" hostname="DESKTOP-S5A0FMG" name="base.BasePage" tests="1" failures="0" timestamp="04 Jul 2017 17:06:29 GMT" time="32.525" errors="0">
  <testcase name="DemoTest" time="32.525" classname="base.BasePage"/>
</testsuite> <!-- base.BasePage -->
