<?xml version="1.0" encoding="UTF-8"?>
<!-- Generated by org.testng.reporters.JUnitReportReporter -->
<testsuite skipped="0" hostname="DESKTOP-S5A0FMG" name="Xoxoday.LoginPageTest" tests="1" failures="0" timestamp="15 Jun 2017 11:19:29 GMT" time="38.714" errors="0">
  <testcase name="TestLogin" time="38.714" classname="Xoxoday.LoginPageTest"/>
</testsuite> <!-- Xoxoday.LoginPageTest -->
