<?xml version="1.0" encoding="UTF-8"?>
<!-- Generated by org.testng.reporters.JUnitReportReporter -->
<testsuite name="UIAutomation.EnterpriseUI.EmployeeListTest" tests="5" time="247.171" ignored="0" failures="0" timestamp="13 Jul 2017 14:27:37 GMT" skipped="0" hostname="DESKTOP-S5A0FMG" errors="0">
  <testcase name="DisableEmployee" time="33.665" classname="UIAutomation.EnterpriseUI.EmployeeListTest"/>
  <testcase name="EnableEmployee" time="38.242" classname="UIAutomation.EnterpriseUI.EmployeeListTest"/>
  <testcase name="EmployeeProfileView" time="55.318" classname="UIAutomation.EnterpriseUI.EmployeeListTest"/>
  <testcase name="EditProfile" time="57.056" classname="UIAutomation.EnterpriseUI.EmployeeListTest"/>
  <testcase name="AddEmployee" time="62.890" classname="UIAutomation.EnterpriseUI.EmployeeListTest"/>
</testsuite> <!-- UIAutomation.EnterpriseUI.EmployeeListTest -->
