<?xml version="1.0" encoding="UTF-8"?>
<!-- Generated by org.testng.reporters.JUnitReportReporter -->
<testsuite name="UIAutomation.EnterpriseUI.LoginTest" tests="1" time="25.366" ignored="0" failures="0" timestamp="13 Jul 2017 14:27:36 GMT" skipped="0" hostname="DESKTOP-S5A0FMG" errors="0">
  <testcase name="TestLogin" time="25.366" classname="UIAutomation.EnterpriseUI.LoginTest"/>
</testsuite> <!-- UIAutomation.EnterpriseUI.LoginTest -->
