<?xml version="1.0" encoding="UTF-8"?>
<!-- Generated by org.testng.reporters.JUnitReportReporter -->
<testsuite name="UIAutomation.EnterpriseUI.SendPointsReminderTests" tests="2" time="59.539" ignored="0" failures="0" timestamp="13 Jul 2017 14:27:37 GMT" skipped="0" hostname="DESKTOP-S5A0FMG" errors="0">
  <testcase name="BudgetPointReminder" time="24.729" classname="UIAutomation.EnterpriseUI.SendPointsReminderTests"/>
  <testcase name="RewardPointReminder" time="34.810" classname="UIAutomation.EnterpriseUI.SendPointsReminderTests"/>
</testsuite> <!-- UIAutomation.EnterpriseUI.SendPointsReminderTests -->
