<?xml version="1.0" encoding="UTF-8"?>
<!-- Generated by org.testng.reporters.JUnitReportReporter -->
<testsuite name="base.BasePage" tests="1" time="25.034" ignored="0" failures="0" timestamp="04 Jul 2017 17:14:41 GMT" skipped="0" hostname="DESKTOP-S5A0FMG" errors="0">
  <testcase name="DemoTest" time="25.034" classname="base.BasePage"/>
</testsuite> <!-- base.BasePage -->
